0 info it worked if it ends with ok
1 verbose cli [ 'node', '/usr/local/bin/npm', 'install', '-g', 'yo' ]
2 info using npm@1.4.28
3 info using node@v0.10.35
4 verbose cache add [ 'yo', null ]
5 verbose cache add name=undefined spec="yo" args=["yo",null]
6 verbose parsed url { protocol: null,
6 verbose parsed url   slashes: null,
6 verbose parsed url   auth: null,
6 verbose parsed url   host: null,
6 verbose parsed url   port: null,
6 verbose parsed url   hostname: null,
6 verbose parsed url   hash: null,
6 verbose parsed url   search: null,
6 verbose parsed url   query: null,
6 verbose parsed url   pathname: 'yo',
6 verbose parsed url   path: 'yo',
6 verbose parsed url   href: 'yo' }
7 silly lockFile c41975d1-yo yo
8 verbose lock yo /Users/Caleb/.npm/c41975d1-yo.lock
9 silly lockFile c41975d1-yo yo
10 silly lockFile c41975d1-yo yo
11 verbose addNamed [ 'yo', '' ]
12 verbose addNamed [ null, '*' ]
13 silly lockFile d937c28e-yo yo@
14 verbose lock yo@ /Users/Caleb/.npm/d937c28e-yo.lock
15 silly addNameRange { name: 'yo', range: '*', hasData: false }
16 verbose request where is /yo
17 verbose request registry https://registry.npmjs.org/
18 verbose request id e68c4d35fe4e5254
19 verbose url raw /yo
20 verbose url resolving [ 'https://registry.npmjs.org/', './yo' ]
21 verbose url resolved https://registry.npmjs.org/yo
22 verbose request where is https://registry.npmjs.org/yo
23 info trying registry request attempt 1 at 18:03:00
24 http GET https://registry.npmjs.org/yo
25 http 200 https://registry.npmjs.org/yo
26 silly registry.get cb [ 200,
26 silly registry.get   { date: 'Wed, 01 Apr 2015 01:03:01 GMT',
26 silly registry.get     server: 'CouchDB/1.5.0 (Erlang OTP/R16B03)',
26 silly registry.get     etag: '"6IEZETZ7AQIYUV2PGRGB4SK6"',
26 silly registry.get     'content-type': 'application/json',
26 silly registry.get     'cache-control': 'max-age=60',
26 silly registry.get     'content-length': '30713',
26 silly registry.get     'accept-ranges': 'bytes',
26 silly registry.get     via: '1.1 varnish',
26 silly registry.get     age: '0',
26 silly registry.get     'x-served-by': 'cache-sjc3129-SJC',
26 silly registry.get     'x-cache': 'HIT',
26 silly registry.get     'x-cache-hits': '1',
26 silly registry.get     'x-timer': 'S1427850181.564219,VS0,VE146',
26 silly registry.get     vary: 'Accept',
26 silly registry.get     'keep-alive': 'timeout=10, max=50',
26 silly registry.get     connection: 'Keep-Alive' } ]
27 silly addNameRange number 2 { name: 'yo', range: '*', hasData: true }
28 silly addNameRange versions [ 'yo',
28 silly addNameRange   [ '1.1.0',
28 silly addNameRange     '1.1.1',
28 silly addNameRange     '1.1.2',
28 silly addNameRange     '1.2.0',
28 silly addNameRange     '1.2.1',
28 silly addNameRange     '1.3.0',
28 silly addNameRange     '1.3.2',
28 silly addNameRange     '1.3.3',
28 silly addNameRange     '1.4.6' ] ]
29 verbose addNamed [ 'yo', '1.4.6' ]
30 verbose addNamed [ '1.4.6', '1.4.6' ]
31 silly lockFile 10fcef76-yo-1-4-6 yo@1.4.6
32 verbose lock yo@1.4.6 /Users/Caleb/.npm/10fcef76-yo-1-4-6.lock
33 silly lockFile 5ba8706e-gistry-npmjs-org-yo-yo-1-4-6-tgz https://registry.npmjs.org/yo/-/yo-1.4.6.tgz
34 verbose lock https://registry.npmjs.org/yo/-/yo-1.4.6.tgz /Users/Caleb/.npm/5ba8706e-gistry-npmjs-org-yo-yo-1-4-6-tgz.lock
35 verbose addRemoteTarball [ 'https://registry.npmjs.org/yo/-/yo-1.4.6.tgz',
35 verbose addRemoteTarball   '16e03e9af7be4805ef6142cdbb1d15f33504b37b' ]
36 info retry fetch attempt 1 at 18:03:01
37 verbose fetch to= /var/folders/zs/q_261gt50317xrfgjxm8d98w0000gn/T/npm-4394-DVhhUd9M/registry.npmjs.org/yo/-/yo-1.4.6.tgz
38 http GET https://registry.npmjs.org/yo/-/yo-1.4.6.tgz
39 http 200 https://registry.npmjs.org/yo/-/yo-1.4.6.tgz
40 silly lockFile 5ba8706e-gistry-npmjs-org-yo-yo-1-4-6-tgz https://registry.npmjs.org/yo/-/yo-1.4.6.tgz
41 silly lockFile 5ba8706e-gistry-npmjs-org-yo-yo-1-4-6-tgz https://registry.npmjs.org/yo/-/yo-1.4.6.tgz
42 silly lockFile 10fcef76-yo-1-4-6 yo@1.4.6
43 silly lockFile 10fcef76-yo-1-4-6 yo@1.4.6
44 silly lockFile d937c28e-yo yo@
45 silly lockFile d937c28e-yo yo@
46 silly resolved [ { name: 'yo',
46 silly resolved     version: '1.4.6',
46 silly resolved     description: 'CLI tool for running Yeoman generators',
46 silly resolved     license: 'BSD',
46 silly resolved     bin: { yo: 'lib/cli.js' },
46 silly resolved     author: { name: 'Yeoman team' },
46 silly resolved     repository: { type: 'git', url: 'https://github.com/yeoman/yo' },
46 silly resolved     engines: { node: '>=0.10.0', npm: '>=2.1.0' },
46 silly resolved     scripts:
46 silly resolved      { test: 'jshint . && mocha test/**/*.js',
46 silly resolved        postinstall: 'yodoctor',
46 silly resolved        postupdate: 'yodoctor',
46 silly resolved        prepublish: 'nsp audit-package' },
46 silly resolved     files: [ 'lib' ],
46 silly resolved     keywords:
46 silly resolved      [ 'cli-app',
46 silly resolved        'cli',
46 silly resolved        'bin',
46 silly resolved        'front-end',
46 silly resolved        'development',
46 silly resolved        'dev',
46 silly resolved        'build',
46 silly resolved        'web',
46 silly resolved        'tool',
46 silly resolved        'scaffold',
46 silly resolved        'stack',
46 silly resolved        'yeoman',
46 silly resolved        'generator',
46 silly resolved        'generate',
46 silly resolved        'app',
46 silly resolved        'boilerplate' ],
46 silly resolved     dependencies:
46 silly resolved      { 'array-uniq': '^1.0.2',
46 silly resolved        async: '^0.9.0',
46 silly resolved        chalk: '^1.0.0',
46 silly resolved        configstore: '^0.3.1',
46 silly resolved        'cross-spawn': '^0.2.3',
46 silly resolved        figures: '^1.3.5',
46 silly resolved        findup: '^0.1.5',
46 silly resolved        fullname: '^1.0.0',
46 silly resolved        got: '^2.4.0',
46 silly resolved        'humanize-string': '^1.0.0',
46 silly resolved        inquirer: '^0.8.0',
46 silly resolved        insight: '^0.5.0',
46 silly resolved        lodash: '^3.2.0',
46 silly resolved        meow: '^3.0.0',
46 silly resolved        'npm-keyword': '^1.1.1',
46 silly resolved        opn: '^1.0.0',
46 silly resolved        'package-json': '^1.1.0',
46 silly resolved        'root-check': '^1.0.0',
46 silly resolved        'sort-on': '^1.0.0',
46 silly resolved        'string-length': '^1.0.0',
46 silly resolved        titleize: '^1.0.0',
46 silly resolved        'update-notifier': '^0.3.0',
46 silly resolved        'user-home': '^1.1.0',
46 silly resolved        'yeoman-character': '^1.0.0',
46 silly resolved        'yeoman-doctor': '^1.0.0',
46 silly resolved        'yeoman-environment': '^1.0.1',
46 silly resolved        yosay: '^1.0.0' },
46 silly resolved     devDependencies:
46 silly resolved      { jshint: '^2.5.11',
46 silly resolved        mocha: '^2.1.0',
46 silly resolved        mockery: '^1.4.0',
46 silly resolved        nock: '^0.59.1',
46 silly resolved        nsp: '*',
46 silly resolved        proxyquire: '^1.0.1',
46 silly resolved        'registry-url': '^3.0.0',
46 silly resolved        sinon: '^1.12.1' },
46 silly resolved     preferGlobal: true,
46 silly resolved     gitHead: '987fe12a608e7b6318c2563a6140583e796d9db5',
46 silly resolved     bugs: { url: 'https://github.com/yeoman/yo/issues' },
46 silly resolved     homepage: 'https://github.com/yeoman/yo',
46 silly resolved     _id: 'yo@1.4.6',
46 silly resolved     _shasum: '16e03e9af7be4805ef6142cdbb1d15f33504b37b',
46 silly resolved     _from: 'yo@',
46 silly resolved     _npmVersion: '1.4.28',
46 silly resolved     _npmUser: { name: 'sindresorhus', email: 'sindresorhus@gmail.com' },
46 silly resolved     maintainers: [ [Object], [Object], [Object], [Object], [Object], [Object] ],
46 silly resolved     dist:
46 silly resolved      { shasum: '16e03e9af7be4805ef6142cdbb1d15f33504b37b',
46 silly resolved        tarball: 'http://registry.npmjs.org/yo/-/yo-1.4.6.tgz' },
46 silly resolved     directories: {},
46 silly resolved     _resolved: 'https://registry.npmjs.org/yo/-/yo-1.4.6.tgz' } ]
47 info install yo@1.4.6 into /usr/local/lib
48 info installOne yo@1.4.6
49 warn engine yo@1.4.6: wanted: {"node":">=0.10.0","npm":">=2.1.0"} (current: {"node":"0.10.35","npm":"1.4.28"})
50 verbose lib/node_modules/yo unbuild
51 verbose tar unpack /Users/Caleb/.npm/yo/1.4.6/package.tgz
52 silly lockFile 7d7c7bef-ar-usr-local-lib-node-modules-yo tar:///usr/local/lib/node_modules/yo
53 verbose lock tar:///usr/local/lib/node_modules/yo /Users/Caleb/.npm/7d7c7bef-ar-usr-local-lib-node-modules-yo.lock
54 silly lockFile aa436a64-s-Caleb-npm-yo-1-4-6-package-tgz tar:///Users/Caleb/.npm/yo/1.4.6/package.tgz
55 verbose lock tar:///Users/Caleb/.npm/yo/1.4.6/package.tgz /Users/Caleb/.npm/aa436a64-s-Caleb-npm-yo-1-4-6-package-tgz.lock
56 silly gunzTarPerm modes [ '755', '644' ]
57 error Error: EACCES, mkdir '/usr/local/lib/node_modules/yo'
57 error  { [Error: EACCES, mkdir '/usr/local/lib/node_modules/yo']
57 error   errno: 3,
57 error   code: 'EACCES',
57 error   path: '/usr/local/lib/node_modules/yo',
57 error   fstream_type: 'Directory',
57 error   fstream_path: '/usr/local/lib/node_modules/yo',
57 error   fstream_class: 'DirWriter',
57 error   fstream_stack:
57 error    [ '/usr/local/lib/node_modules/npm/node_modules/fstream/lib/dir-writer.js:36:23',
57 error      '/usr/local/lib/node_modules/npm/node_modules/mkdirp/index.js:46:53',
57 error      'Object.oncomplete (fs.js:108:15)' ] }
58 error Please try running this command again as root/Administrator.
59 error System Darwin 12.5.0
60 error command "node" "/usr/local/bin/npm" "install" "-g" "yo"
61 error cwd /Users/Caleb/projects/dynamicschedule
62 error node -v v0.10.35
63 error npm -v 1.4.28
64 error path /usr/local/lib/node_modules/yo
65 error fstream_path /usr/local/lib/node_modules/yo
66 error fstream_type Directory
67 error fstream_class DirWriter
68 error code EACCES
69 error errno 3
70 error stack Error: EACCES, mkdir '/usr/local/lib/node_modules/yo'
71 error fstream_stack /usr/local/lib/node_modules/npm/node_modules/fstream/lib/dir-writer.js:36:23
71 error fstream_stack /usr/local/lib/node_modules/npm/node_modules/mkdirp/index.js:46:53
71 error fstream_stack Object.oncomplete (fs.js:108:15)
72 verbose exit [ 3, true ]
